<?xml version="1.0" encoding="UTF-8"?>
<testsuite name="Run Simulation Test"
           tests="46"
           failures="3"
           errors="0"
           skipped="0"
           time="656,988">
  <properties />
            <testcase name="runSimulation" time="17,340" classname="testcases.Simulator_TC">
                <failure type="java.lang.AssertionError"
                  message="null"
              >
<![CDATA[java.lang.AssertionError: null
  org.testng.Assert.fail(Assert.java:93)
  org.testng.Assert.fail(Assert.java:100)
  testcases.Simulator_TC.runSimulation(Simulator_TC.java:69)
  sun.reflect.GeneratedMethodAccessor38.invoke(Unknown Source)
  sun.reflect.DelegatingMethodAccessorImpl.invoke(DelegatingMethodAccessorImpl.java:43)
  java.lang.reflect.Method.invoke(Method.java:498)
  org.testng.internal.MethodInvocationHelper.invokeMethod(MethodInvocationHelper.java:108)
  org.testng.internal.Invoker.invokeMethod(Invoker.java:661)
  org.testng.internal.Invoker.invokeTestMethod(Invoker.java:869)
  org.testng.internal.Invoker.invokeTestMethods(Invoker.java:1193)
  org.testng.internal.TestMethodWorker.invokeTestMethods(TestMethodWorker.java:126)
  org.testng.internal.TestMethodWorker.run(TestMethodWorker.java:109)
  org.testng.TestRunner.privateRun(TestRunner.java:744)
  org.testng.TestRunner.run(TestRunner.java:602)
  org.testng.SuiteRunner.runTest(SuiteRunner.java:380)
  org.testng.SuiteRunner.runSequentially(SuiteRunner.java:375)
  org.testng.SuiteRunner.privateRun(SuiteRunner.java:340)
  org.testng.SuiteRunner.run(SuiteRunner.java:289)
  org.testng.SuiteRunnerWorker.runSuite(SuiteRunnerWorker.java:52)
  org.testng.SuiteRunnerWorker.run(SuiteRunnerWorker.java:86)
  org.testng.TestNG.runSuitesSequentially(TestNG.java:1301)
  org.testng.TestNG.runSuitesLocally(TestNG.java:1226)
  org.testng.TestNG.runSuites(TestNG.java:1144)
  org.testng.TestNG.run(TestNG.java:1115)
  org.testng.remote.AbstractRemoteTestNG.run(AbstractRemoteTestNG.java:114)
  org.testng.remote.RemoteTestNG.initAndRun(RemoteTestNG.java:251)
  org.testng.remote.RemoteTestNG.main(RemoteTestNG.java:77)
]]>
      </failure>

          </testcase>
            <testcase name="runSimulation" time="17,771" classname="testcases.Simulator_TC">
                <failure type="java.lang.AssertionError"
                  message="null"
              >
<![CDATA[java.lang.AssertionError: null
  org.testng.Assert.fail(Assert.java:93)
  org.testng.Assert.fail(Assert.java:100)
  testcases.Simulator_TC.runSimulation(Simulator_TC.java:69)
  sun.reflect.NativeMethodAccessorImpl.invoke0(Native Method)
  sun.reflect.NativeMethodAccessorImpl.invoke(NativeMethodAccessorImpl.java:62)
  sun.reflect.DelegatingMethodAccessorImpl.invoke(DelegatingMethodAccessorImpl.java:43)
  java.lang.reflect.Method.invoke(Method.java:498)
  org.testng.internal.MethodInvocationHelper.invokeMethod(MethodInvocationHelper.java:108)
  org.testng.internal.Invoker.invokeMethod(Invoker.java:661)
  org.testng.internal.Invoker.invokeTestMethod(Invoker.java:869)
  org.testng.internal.Invoker.invokeTestMethods(Invoker.java:1193)
  org.testng.internal.TestMethodWorker.invokeTestMethods(TestMethodWorker.java:126)
  org.testng.internal.TestMethodWorker.run(TestMethodWorker.java:109)
  org.testng.TestRunner.privateRun(TestRunner.java:744)
  org.testng.TestRunner.run(TestRunner.java:602)
  org.testng.SuiteRunner.runTest(SuiteRunner.java:380)
  org.testng.SuiteRunner.runSequentially(SuiteRunner.java:375)
  org.testng.SuiteRunner.privateRun(SuiteRunner.java:340)
  org.testng.SuiteRunner.run(SuiteRunner.java:289)
  org.testng.SuiteRunnerWorker.runSuite(SuiteRunnerWorker.java:52)
  org.testng.SuiteRunnerWorker.run(SuiteRunnerWorker.java:86)
  org.testng.TestNG.runSuitesSequentially(TestNG.java:1301)
  org.testng.TestNG.runSuitesLocally(TestNG.java:1226)
  org.testng.TestNG.runSuites(TestNG.java:1144)
  org.testng.TestNG.run(TestNG.java:1115)
  org.testng.remote.AbstractRemoteTestNG.run(AbstractRemoteTestNG.java:114)
  org.testng.remote.RemoteTestNG.initAndRun(RemoteTestNG.java:251)
  org.testng.remote.RemoteTestNG.main(RemoteTestNG.java:77)
]]>
      </failure>

          </testcase>
            <testcase name="runSimulation" time="16,942" classname="testcases.Simulator_TC">
                <failure type="java.lang.AssertionError"
                  message="null"
              >
<![CDATA[java.lang.AssertionError: null
  org.testng.Assert.fail(Assert.java:93)
  org.testng.Assert.fail(Assert.java:100)
  testcases.Simulator_TC.runSimulation(Simulator_TC.java:69)
  sun.reflect.GeneratedMethodAccessor38.invoke(Unknown Source)
  sun.reflect.DelegatingMethodAccessorImpl.invoke(DelegatingMethodAccessorImpl.java:43)
  java.lang.reflect.Method.invoke(Method.java:498)
  org.testng.internal.MethodInvocationHelper.invokeMethod(MethodInvocationHelper.java:108)
  org.testng.internal.Invoker.invokeMethod(Invoker.java:661)
  org.testng.internal.Invoker.invokeTestMethod(Invoker.java:869)
  org.testng.internal.Invoker.invokeTestMethods(Invoker.java:1193)
  org.testng.internal.TestMethodWorker.invokeTestMethods(TestMethodWorker.java:126)
  org.testng.internal.TestMethodWorker.run(TestMethodWorker.java:109)
  org.testng.TestRunner.privateRun(TestRunner.java:744)
  org.testng.TestRunner.run(TestRunner.java:602)
  org.testng.SuiteRunner.runTest(SuiteRunner.java:380)
  org.testng.SuiteRunner.runSequentially(SuiteRunner.java:375)
  org.testng.SuiteRunner.privateRun(SuiteRunner.java:340)
  org.testng.SuiteRunner.run(SuiteRunner.java:289)
  org.testng.SuiteRunnerWorker.runSuite(SuiteRunnerWorker.java:52)
  org.testng.SuiteRunnerWorker.run(SuiteRunnerWorker.java:86)
  org.testng.TestNG.runSuitesSequentially(TestNG.java:1301)
  org.testng.TestNG.runSuitesLocally(TestNG.java:1226)
  org.testng.TestNG.runSuites(TestNG.java:1144)
  org.testng.TestNG.run(TestNG.java:1115)
  org.testng.remote.AbstractRemoteTestNG.run(AbstractRemoteTestNG.java:114)
  org.testng.remote.RemoteTestNG.initAndRun(RemoteTestNG.java:251)
  org.testng.remote.RemoteTestNG.main(RemoteTestNG.java:77)
]]>
      </failure>

          </testcase>
  
  
            <testcase name="runSimulation" time="12,069" classname="testcases.Simulator_TC" />
                <testcase name="runSimulation" time="14,767" classname="testcases.Simulator_TC" />
                <testcase name="runSimulation" time="15,428" classname="testcases.Simulator_TC" />
                <testcase name="runSimulation" time="12,859" classname="testcases.Simulator_TC" />
                <testcase name="runSimulation" time="11,297" classname="testcases.Simulator_TC" />
                <testcase name="runSimulation" time="13,285" classname="testcases.Simulator_TC" />
                <testcase name="runSimulation" time="11,693" classname="testcases.Simulator_TC" />
                <testcase name="runSimulation" time="12,699" classname="testcases.Simulator_TC" />
                <testcase name="runSimulation" time="11,536" classname="testcases.Simulator_TC" />
                <testcase name="runSimulation" time="14,956" classname="testcases.Simulator_TC" />
                <testcase name="runSimulation" time="13,427" classname="testcases.Simulator_TC" />
                <testcase name="runSimulation" time="15,656" classname="testcases.Simulator_TC" />
                <testcase name="runSimulation" time="11,995" classname="testcases.Simulator_TC" />
                <testcase name="runSimulation" time="14,504" classname="testcases.Simulator_TC" />
                <testcase name="runSimulation" time="13,966" classname="testcases.Simulator_TC" />
                <testcase name="runSimulation" time="11,928" classname="testcases.Simulator_TC" />
                <testcase name="runSimulation" time="14,017" classname="testcases.Simulator_TC" />
                <testcase name="runSimulation" time="13,864" classname="testcases.Simulator_TC" />
                <testcase name="runSimulation" time="12,080" classname="testcases.Simulator_TC" />
                <testcase name="runSimulation" time="16,313" classname="testcases.Simulator_TC" />
                <testcase name="runSimulation" time="11,694" classname="testcases.Simulator_TC" />
                <testcase name="runSimulation" time="16,509" classname="testcases.Simulator_TC" />
                <testcase name="runSimulation" time="17,373" classname="testcases.Simulator_TC" />
                <testcase name="runSimulation" time="11,698" classname="testcases.Simulator_TC" />
                <testcase name="runSimulation" time="14,403" classname="testcases.Simulator_TC" />
                <testcase name="runSimulation" time="13,339" classname="testcases.Simulator_TC" />
                <testcase name="runSimulation" time="12,769" classname="testcases.Simulator_TC" />
                <testcase name="runSimulation" time="28,816" classname="testcases.Simulator_TC" />
                <testcase name="runSimulation" time="12,080" classname="testcases.Simulator_TC" />
                <testcase name="runSimulation" time="11,589" classname="testcases.Simulator_TC" />
                <testcase name="runSimulation" time="14,048" classname="testcases.Simulator_TC" />
                <testcase name="runSimulation" time="11,698" classname="testcases.Simulator_TC" />
                <testcase name="runSimulation" time="11,443" classname="testcases.Simulator_TC" />
                <testcase name="runSimulation" time="15,859" classname="testcases.Simulator_TC" />
                <testcase name="runSimulation" time="14,835" classname="testcases.Simulator_TC" />
                <testcase name="runSimulation" time="14,764" classname="testcases.Simulator_TC" />
                <testcase name="runSimulation" time="11,420" classname="testcases.Simulator_TC" />
                <testcase name="runSimulation" time="20,778" classname="testcases.Simulator_TC" />
                <testcase name="runSimulation" time="15,213" classname="testcases.Simulator_TC" />
                <testcase name="runSimulation" time="14,807" classname="testcases.Simulator_TC" />
                <testcase name="runSimulation" time="12,794" classname="testcases.Simulator_TC" />
                <testcase name="runSimulation" time="15,582" classname="testcases.Simulator_TC" />
                <testcase name="runSimulation" time="13,085" classname="testcases.Simulator_TC" />
      
</testsuite>
